#! /usr/local/bin/vvp
:ivl_version "11.0 (devel)" "(s20150603-558-g11c82621)";
:ivl_delay_selection "TYPICAL";
:vpi_time_precision + 0;
:vpi_module "system";
:vpi_module "vhdl_sys";
:vpi_module "vhdl_textio";
:vpi_module "v2005_math";
:vpi_module "va_math";
S_0x7fd470406b30 .scope module, "PC" "PC" 2 1;
 .timescale 0 0;
    .port_info 0 /INPUT 16 "in";
    .port_info 1 /INPUT 1 "load";
    .port_info 2 /INPUT 1 "inc";
    .port_info 3 /INPUT 1 "reset";
    .port_info 4 /INPUT 1 "clk";
    .port_info 5 /OUTPUT 16 "out";
o0x10bfd8008 .functor BUFZ 1, C4<z>; HiZ drive
v0x7fd470406ca0_0 .net "clk", 0 0, o0x10bfd8008;  0 drivers
o0x10bfd8038 .functor BUFZ 16, C4<zzzzzzzzzzzzzzzz>; HiZ drive
v0x7fd470416bc0_0 .net "in", 15 0, o0x10bfd8038;  0 drivers
o0x10bfd8068 .functor BUFZ 1, C4<z>; HiZ drive
v0x7fd470416c60_0 .net "inc", 0 0, o0x10bfd8068;  0 drivers
o0x10bfd8098 .functor BUFZ 1, C4<z>; HiZ drive
v0x7fd470416d10_0 .net "load", 0 0, o0x10bfd8098;  0 drivers
v0x7fd470416da0_0 .var "out", 15 0;
o0x10bfd80f8 .functor BUFZ 1, C4<z>; HiZ drive
v0x7fd470416e90_0 .net "reset", 0 0, o0x10bfd80f8;  0 drivers
E_0x7fd470403ca0 .event posedge, v0x7fd470406ca0_0;
    .scope S_0x7fd470406b30;
T_0 ;
    %wait E_0x7fd470403ca0;
    %load/vec4 v0x7fd470416e90_0;
    %cmpi/e 0, 0, 1;
    %jmp/0xz  T_0.0, 4;
    %pushi/vec4 0, 0, 16;
    %assign/vec4 v0x7fd470416da0_0, 0;
    %jmp T_0.1;
T_0.0 ;
    %load/vec4 v0x7fd470416d10_0;
    %cmpi/e 1, 0, 1;
    %jmp/0xz  T_0.2, 4;
    %load/vec4 v0x7fd470416bc0_0;
    %assign/vec4 v0x7fd470416da0_0, 0;
    %jmp T_0.3;
T_0.2 ;
    %load/vec4 v0x7fd470416c60_0;
    %cmpi/e 1, 0, 1;
    %jmp/0xz  T_0.4, 4;
    %load/vec4 v0x7fd470416da0_0;
    %addi 1, 0, 16;
    %assign/vec4 v0x7fd470416da0_0, 0;
T_0.4 ;
T_0.3 ;
T_0.1 ;
    %jmp T_0;
    .thread T_0;
# The file index is used to find the file name in the following table.
:file_names 3;
    "N/A";
    "<interactive>";
    "PC.v";
