#! /usr/local/bin/vvp
:ivl_version "11.0 (devel)" "(s20150603-558-g11c82621)";
:ivl_delay_selection "TYPICAL";
:vpi_time_precision + 0;
:vpi_module "system";
:vpi_module "vhdl_sys";
:vpi_module "vhdl_textio";
:vpi_module "v2005_math";
:vpi_module "va_math";
S_0x7fd449c05a60 .scope module, "alu" "alu" 2 1;
 .timescale 0 0;
    .port_info 0 /INPUT 16 "in_a";
    .port_info 1 /INPUT 17 "in_b";
    .port_info 2 /OUTPUT 16 "out";
v0x7fd449c03690_0 .net *"_s0", 16 0, L_0x7fd449c15ee0;  1 drivers
L_0x10c6d6008 .functor BUFT 1, C4<0>, C4<0>, C4<0>, C4<0>;
v0x7fd449c15b10_0 .net *"_s3", 0 0, L_0x10c6d6008;  1 drivers
v0x7fd449c15bb0_0 .net *"_s4", 16 0, L_0x7fd449c16020;  1 drivers
o0x10c6a4098 .functor BUFZ 16, C4<zzzzzzzzzzzzzzzz>; HiZ drive
v0x7fd449c15c60_0 .net "in_a", 15 0, o0x10c6a4098;  0 drivers
o0x10c6a40c8 .functor BUFZ 17, C4<zzzzzzzzzzzzzzzzz>; HiZ drive
v0x7fd449c15d10_0 .net "in_b", 16 0, o0x10c6a40c8;  0 drivers
v0x7fd449c15e00_0 .net "out", 15 0, L_0x7fd449c16120;  1 drivers
L_0x7fd449c15ee0 .concat [ 16 1 0 0], o0x10c6a4098, L_0x10c6d6008;
L_0x7fd449c16020 .arith/sum 17, L_0x7fd449c15ee0, o0x10c6a40c8;
L_0x7fd449c16120 .part L_0x7fd449c16020, 0, 16;
# The file index is used to find the file name in the following table.
:file_names 3;
    "N/A";
    "<interactive>";
    "alu.v";
